[19:21:20] [Client thread/INFO] [JMLogger] JourneyMap log initialized.
[19:21:20] [Client thread/INFO] [JourneymapClient] initialize ENTER
[19:21:20] [Client thread/WARN] [PropertiesBase] core (Initialized) Bad configField entry during updateFrom(): optionsManagerViewed=null
[19:21:20] [Client thread/WARN] [PropertiesBase] core (Initialized) Bad configField entry during updateFrom(): splashViewed=null
[19:21:20] [Client thread/INFO] [?] Version: JourneyMap 1.12.2-5.7.1, built with Forge 14.23.5.2768
Forge: 14.23.5.2854
Environment: os.name, os.arch, java.version, user.country, user.language=null, game language=ru_ru, locale=ru_ru
Features: 
	RadarPlayers : singleplayer = true , multiplayer = true
	RadarAnimals : singleplayer = true , multiplayer = true
	RadarMobs : singleplayer = true , multiplayer = true
	RadarVillagers : singleplayer = true , multiplayer = true
	MapTopo : singleplayer = true , multiplayer = true
	MapSurface : singleplayer = true , multiplayer = true
	MapCaves : singleplayer = true , multiplayer = true
MiniMapProperties{state=Valid, file=journeymap.minimap.config, configVersion=5.7.1, zoomLevel=0, showPlayers=true, frameAlpha=100, compassFontScale=2, terrainAlpha=100, showEntityNames=true, enabled=true, showPlayerHeading=true, showVillagers=true, info2Label=Игровое время, sizePercent=30, showDayNight=true, info3Label=Кординаты, showMobs=true, showPets=true, preferredMapType=day, showCompass=true, mobDisplay=Маленький точки, showReticle=true, orientation=Север, systemTimeRealFormat=HH:mm:ss, shape=Окружность, showSelf=true, info4Label=Биом, locationFormat=xzyv, playerDisplay=Маленький точки, showGrid=true, reticleOrientation=Компас, gameTimeRealFormat=HH:mm:ss, showWaypoints=true, showCaves=true, showAnimals=true, showMobHeading=true, showWaypointLabels=true, locationFormatVerbose=true, position=Вверху справа, info1Label=Пустой, fontScale=2}
MiniMapProperties{state=Valid, file=journeymap.minimap2.config, configVersion=5.7.1, zoomLevel=0, showPlayers=true, frameAlpha=100, compassFontScale=2, terrainAlpha=100, showEntityNames=true, enabled=true, showPlayerHeading=true, showVillagers=true, info2Label=Игровое время, sizePercent=30, showDayNight=true, info3Label=Кординаты, showMobs=true, showPets=true, preferredMapType=day, showCompass=true, mobDisplay=Маленький точки, showReticle=true, orientation=Север, systemTimeRealFormat=HH:mm:ss, shape=Прямоугольник, showSelf=true, info4Label=Биом, locationFormat=xzyv, playerDisplay=Маленький точки, showGrid=true, reticleOrientation=Компас, gameTimeRealFormat=HH:mm:ss, showWaypoints=true, showCaves=true, showAnimals=true, showMobHeading=true, showWaypointLabels=true, locationFormatVerbose=true, position=Вверху справа, info1Label=Пустой, fontScale=2}
FullMapProperties{state=Valid, file=journeymap.fullmap.config, configVersion=5.7.1, mobDisplay=Маленький точки, zoomLevel=0, showPlayers=true, showSelf=true, locationFormat=xzyv, playerDisplay=Маленький точки, showGrid=true, showEntityNames=true, showPlayerHeading=true, showVillagers=true, showWaypoints=true, showCaves=true, showAnimals=true, showMobHeading=true, showKeys=true, showWaypointLabels=true, locationFormatVerbose=true, showMobs=true, showPets=true, fontScale=2, preferredMapType=day}
WaypointProperties{state=Valid, file=journeymap.waypoint.config, configVersion=5.7.1, autoRemoveDeathpointDistance=2, createDeathpoints=true, showName=true, dateFormat=MM-dd-yyyy, autoRemoveDeathpoints=false, maxDistance=0, autoHideLabel=true, teleportCommand=/tp {name} {x} {y} {z}, showStaticBeam=true, minDistance=4, timeFormat=HH:mm:ss, boldLabel=false, textureSmall=true, showDeathpointlabel=true, showDistance=true, showRotatingBeam=true, fontScale=2, showTexture=true, managerEnabled=true, beaconEnabled=true}
WebMapProperties{state=Valid, file=journeymap.webmap.config, configVersion=5.7.1, zoomLevel=0, showWaypoints=true, showCaves=true, showSelf=true, port=8080, showGrid=true, showEntityNames=true, enabled=false, preferredMapType=day}
CoreProperties{state=Valid, file=journeymap.core.config, configVersion=5.7.1, verboseColorPalette=false, maxPlayersData=32, mapSurfaceAboveCaves=true, optionsManagerViewed=null, announceMod=true, colorPassive=#bbbbbb, renderOverlayEventTypeName=ALL, mapBlendWater=false, renderDistanceSurfaceMax=7, radarVerticalDistance=16, mapBlendGrass=true, recordCacheStats=false, hideSneakingEntities=true, revealShape=Окружность, alwaysMapSurface=false, colorVillager=#88e188, mapPlants=false, colorPet=#0077ff, radarLateralDistance=64, mapBathymetry=false, mapCrops=true, maxMobsData=32, mapPlantShadows=false, alwaysMapCaves=false, checkUpdates=true, browserPoll=2000, mapBlendFoliage=true, mappingEnabled=true, colorPlayer=#ffffff, tileHighDisplayQuality=true, cacheVillagersData=2200, logLevel=INFO, maxVillagersData=32, maxAnimalsData=32, mapTransparency=true, tileRenderType=1, caveIgnoreGlass=true, mapTopography=true, renderDistanceCaveMax=3, mapAntialiasing=true, colorSelf=#0000ff, cachePlayersData=2000, cacheMobsData=3000, cachePlayerData=1000, splashViewed=null, colorHostile=#ff0000, cacheAnimalsData=3100, themeName=OceanMonument, mapCaveLighting=true, renderDelay=2, renderOverlayPreEvent=true, autoMapPoll=2000}
[19:21:20] [Client thread/INFO] [ClientAPI] [ClientAPI] built with JourneyMap API 1.4
[19:21:20] [Client thread/INFO] [PluginHelper] Initializing plugins with Client API: journeymap.client.api.impl.ClientAPI
[19:21:20] [Client thread/INFO] [JourneymapClient] initialize EXIT, elapsed count 0 avg ?ms
[19:21:24] [Client thread/DEBUG] [JourneymapClient] postInitialize ENTER
[19:21:25] [Client thread/DEBUG] [EventHandlerManager] Handler registered: journeymap.client.forge.event.KeyEventHandler
[19:21:25] [Client thread/DEBUG] [EventHandlerManager] Handler registered: journeymap.client.forge.event.ChatEventHandler
[19:21:25] [Client thread/DEBUG] [EventHandlerManager] Handler registered: journeymap.client.forge.event.StateTickHandler
[19:21:25] [Client thread/DEBUG] [EventHandlerManager] Handler registered: journeymap.client.forge.event.WorldEventHandler
[19:21:25] [Client thread/DEBUG] [EventHandlerManager] Handler registered: journeymap.client.forge.event.WaypointBeaconHandler
[19:21:25] [Client thread/DEBUG] [EventHandlerManager] Handler registered: journeymap.client.forge.event.TextureAtlasHandler
[19:21:25] [Client thread/DEBUG] [EventHandlerManager] Handler registered: journeymap.client.forge.event.MiniMapOverlayHandler
[19:21:25] [Client thread/DEBUG] [EventHandlerManager] Handler registered: journeymap.client.forge.event.PlayerConnectHandler
[19:21:25] [Client thread/DEBUG] [EventHandlerManager] Handler registered: journeymap.client.world.ChunkMonitor
[19:21:25] [Client thread/INFO] [IconSetFileHandler] Added entity icons from journeymap:icon/entity. Success: false
[19:21:25] [Client thread/TRACE] [ThemeLoader] Initializing themes ...
[19:21:25] [Client thread/INFO] [ThemeLoader] Preloaded theme textures: 73
[19:21:25] [Client thread/DEBUG] [StatTimer] elapsed was slow: 1046.9234
[19:21:25] [Client thread/DEBUG] [JourneymapClient] postInitialize EXIT, elapsed§8 count §r1§8 avg §r§r1046.92§8ms§r
[19:21:50] [Client thread/DEBUG] [StatTimer] Tick.MappingMonitorTask warmup done, 10
[19:22:16] [Netty Client IO #1/DEBUG] [JourneymapClient] Connection initiated with Journeymap Server: true
[19:22:16] [Netty Client IO #1/DEBUG] [JourneymapClient] Teleport Enabled:false
[19:22:16] [Netty Client IO #1/DEBUG] [JourneymapClient] Expanded Radar Enabled:true
[19:22:17] [Netty Client IO #1/DEBUG] [JourneymapClient] Connection initiated with Journeymap Server: true
[19:22:17] [Netty Client IO #1/DEBUG] [JourneymapClient] Teleport Enabled:false
[19:22:17] [Netty Client IO #1/DEBUG] [JourneymapClient] Expanded Radar Enabled:true
[19:22:19] [Netty Client IO #1/DEBUG] [JourneymapClient] Connection initiated with Journeymap Server: true
[19:22:19] [Netty Client IO #1/DEBUG] [JourneymapClient] Teleport Enabled:false
[19:22:19] [Netty Client IO #1/DEBUG] [JourneymapClient] Expanded Radar Enabled:true
[19:22:19] [Client thread/WARN] [PropertiesBase] core (Initialized) Bad configField entry during updateFrom(): optionsManagerViewed=null
[19:22:19] [Client thread/WARN] [PropertiesBase] core (Initialized) Bad configField entry during updateFrom(): splashViewed=null
[19:22:19] [Client thread/INFO] [ModBlockDelegate] Custom modded block handling enabled for biomesoplenty
[19:22:19] [Client thread/DEBUG] [StatTimer] TileDrawStep.updateRegionTexture warmup done, 5
[19:22:19] [Client thread/DEBUG] [StatTimer] TileDrawStep.updateScaledTexture warmup done, 5
[19:22:19] [Client thread/DEBUG] [GridRenderer] Centered on Tile [ r-1, r0 (zoom 0) ] with pixel offsets of 0.0,0.0
[19:22:19] [Client thread/DEBUG] [GridRenderer] Centered on Tile [ r-1, r0 (zoom 0) ] with pixel offsets of 177.02720360806592,70.68034854767367
[19:22:19] [Client thread/DEBUG] [GridRenderer] Centered on Tile [ r-1, r0 (zoom 0) ] with pixel offsets of 177.02720360806592,70.68034854767367
[19:22:19] [Client thread/DEBUG] [GridRenderer] Centered on Tile [ r-1, r0 (zoom 0) ] with pixel offsets of 177.02720360806592,70.68034854767367
[19:22:19] [Client thread/INFO] [WaypointStore] Loaded 2 waypoints from C:\Users\nyf\AppData\Roaming\.minecraft\journeymap\data\mp\~Minecraft\waypoints
[19:22:20] [Client thread/DEBUG] [TaskController] Task not initially enabled: MapRegionTask
[19:22:20] [Client thread/DEBUG] [TaskController] Task not initially enabled: SaveMapTask
[19:22:20] [Client thread/DEBUG] [TaskController] Task ready: MapPlayerTask
[19:22:20] [Client thread/DEBUG] [TaskController] Task ready: InitColorManagerTask
[19:22:20] [Client thread/INFO] [JourneymapClient] Mapping started in C:\Users\nyf\AppData\Roaming\.minecraft\journeymap\data\mp\~Minecraft\DIM0. Memory: 8928MB total, 7531MB free 
[19:22:20] [Client thread/DEBUG] [GridRenderer] Centered on Tile [ r-1, r0 (zoom 0) ] with pixel offsets of 177.02720360806592,70.68034854767367
[19:22:20] [Client thread/DEBUG] [GridRenderer] Centered on Tile [ r-1, r0 (zoom 0) ] with pixel offsets of 177.02720360806592,70.68034854767367
[19:22:20] [Netty Client IO #1/DEBUG] [JourneymapClient] Connection initiated with Journeymap Server: true
[19:22:20] [Netty Client IO #1/DEBUG] [JourneymapClient] Teleport Enabled:false
[19:22:20] [Netty Client IO #1/DEBUG] [JourneymapClient] Expanded Radar Enabled:true
[19:22:20] [Client thread/DEBUG] [TaskController] Scheduled MapPlayerTask
[19:22:20] [JM-task-4/DEBUG] [ColorManager] Cached color #939393 for minecraft:blocks/grass_top
[19:22:20] [JM-task-4/DEBUG] [ColorManager] Cached color #d8d19c for minecraft:blocks/sand
[19:22:20] [JM-task-4/DEBUG] [ColorManager] Cached color #2e43f4 for minecraft:blocks/water_still
[19:22:20] [JM-task-4/DEBUG] [ColorManager] Cached color #7b7977 for minecraft:blocks/gravel
[19:22:20] [JM-task-4/DEBUG] [ColorManager] Cached color #866043 for minecraft:blocks/dirt
[19:22:20] [JM-task-4/DEBUG] [ColorManager] Cached color #9fa5b1 for minecraft:blocks/clay
[19:22:20] [JM-task-4/DEBUG] [ColorManager] Cached color #7d7d7d for minecraft:blocks/stone
[19:22:20] [JM-task-4/DEBUG] [VanillaBlockSpriteProxy] Success during [Cutout] class net.minecraftforge.client.model.ModelLoader$VanillaModelWrapper$1.getQuads(exoticbirds:nest[eggcount=0,facing=south], null, 0)
[19:22:20] [JM-task-4/DEBUG] [ColorManager] Cached color #735230 for exoticbirds:blocks/nestside
[19:22:20] [JM-task-4/DEBUG] [VanillaBlockSpriteProxy] Success during [Mipped Cutout] class net.minecraftforge.client.model.ModelLoader$VanillaModelWrapper$1.getQuads(dynamictrees:leaves0[decayable=true,hydro=1,tree=0], up, 0)
[19:22:20] [JM-task-4/DEBUG] [ColorManager] Cached color #646464 for minecraft:blocks/leaves_oak
[19:22:20] [JM-task-4/DEBUG] [VanillaBlockSpriteProxy] Success during [Cutout] class net.minecraftforge.client.model.ModelLoader$VanillaModelWrapper$1.getQuads(exoticbirds:nest[eggcount=3,facing=north], null, 0)
[19:22:20] [JM-task-4/DEBUG] [ColorManager] Cached color #c8c28d for exoticbirds:blocks/nestside,minecraft:blocks/end_stone
[19:22:20] [JM-task-4/DEBUG] [VanillaBlockSpriteProxy] Success during [Mipped Cutout] class net.minecraftforge.client.model.ModelLoader$VanillaModelWrapper$1.getQuads(dynamictreesbop:leaves5[decayable=true,hydro=1,tree=3], up, 0)
[19:22:20] [JM-task-4/DEBUG] [VanillaBlockSpriteProxy] Success during [Solid] class net.minecraftforge.client.model.ModelLoader$VanillaModelWrapper$1.getQuads(galacticraftcore:basic_block_core[basictype=ore_tin_gc], up, 0)
[19:22:20] [JM-task-4/DEBUG] [ColorManager] Cached color #898887 for galacticraftcore:blocks/ore_tin
[19:22:20] [JM-task-4/DEBUG] [ColorManager] Cached color #987162 for minecraft:blocks/stone_granite
[19:22:20] [JM-task-4/DEBUG] [VanillaBlockSpriteProxy] Success during [Mipped Cutout] class net.minecraft.client.renderer.block.model.WeightedBakedModel.getQuads(biomesoplenty:grass[snowy=false,variant=overgrown_stone], up, 0)
[19:22:20] [JM-task-4/DEBUG] [StatTimer] SurfaceRenderer.renderSurface warmup done, 10
[19:22:20] [JM-task-4/DEBUG] [ColorManager] Cached color #cc7e17 for minecraft:blocks/pumpkin_top
[19:22:21] [JM-task-4/DEBUG] [VanillaBlockSpriteProxy] Success during [Cutout] class net.minecraftforge.client.model.ModelLoader$VanillaModelWrapper$1.getQuads(exoticbirds:nest[eggcount=0,facing=west], null, 0)
[19:22:21] [JM-task-4/DEBUG] [VanillaBlockSpriteProxy] Success during [Cutout] class net.minecraftforge.client.model.ModelLoader$VanillaModelWrapper$1.getQuads(exoticbirds:nest[eggcount=3,facing=south], null, 0)
[19:22:21] [JM-task-4/DEBUG] [VanillaBlockSpriteProxy] Success during [Cutout] class net.minecraftforge.client.model.ModelLoader$VanillaModelWrapper$1.getQuads(exoticbirds:nest[eggcount=2,facing=north], null, 0)
[19:22:21] [JM-task-4/DEBUG] [StatTimer] TopoRenderer.renderSurface warmup done, 10
[19:22:22] [Client thread/DEBUG] [StatTimer] TaskController.performMultithreadTasks warmup done, 1
[19:22:23] [Client thread/DEBUG] [TaskController] Scheduled MapPlayerTask
[19:22:23] [JM-task-4/DEBUG] [ColorManager] Cached color #727272 for minecraft:blocks/coal_ore
[19:22:24] [JM-task-4/DEBUG] [ColorManager] Cached color #dad29e for minecraft:blocks/sandstone_top
[19:22:24] [JM-task-4/DEBUG] [VanillaBlockSpriteProxy] Success during [Cutout] class net.minecraftforge.client.model.ModelLoader$VanillaModelWrapper$1.getQuads(exoticbirds:nest[eggcount=3,facing=west], null, 0)
[19:22:24] [JM-task-4/DEBUG] [VanillaBlockSpriteProxy] Success during [Cutout] class net.minecraftforge.client.model.ModelLoader$VanillaModelWrapper$1.getQuads(exoticbirds:nest[eggcount=2,facing=south], null, 0)
[19:22:24] [JM-task-4/DEBUG] [VanillaBlockSpriteProxy] Success during [Cutout] class net.minecraftforge.client.model.ModelLoader$VanillaModelWrapper$1.getQuads(exoticbirds:nest[eggcount=1,facing=north], null, 0)
[19:22:24] [JM-task-4/DEBUG] [VanillaBlockSpriteProxy] Success during [Solid] class net.minecraftforge.client.model.ModelLoader$VanillaModelWrapper$1.getQuads(thermalfoundation:ore[type=copper], up, 0)
[19:22:24] [JM-task-4/DEBUG] [ColorManager] Cached color #8f7e6e for thermalfoundation:blocks/ore/ore_copper
[19:22:24] [JM-task-4/DEBUG] [VanillaBlockSpriteProxy] Success during [Mipped Cutout] class com.ferreusveritas.dynamictrees.models.bakedmodels.BakedModelBlockBranchCactus.getQuads(dynamictrees:cactusbranch[origin=east,trunk=false], up, 0)
[19:22:24] [JM-task-4/DEBUG] [ColorManager] Cached color #0e6919 for minecraft:blocks/cactus_side,minecraft:blocks/cactus_top
[19:22:24] [JM-task-4/DEBUG] [VanillaBlockSpriteProxy] Success during [Mipped Cutout] class com.ferreusveritas.dynamictrees.models.bakedmodels.BakedModelBlockBranchCactus.getQuads(dynamictrees:cactusbranch[origin=down,trunk=false], up, 0)
[19:22:24] [JM-task-4/DEBUG] [VanillaBlockSpriteProxy] Success during [Mipped Cutout] class com.ferreusveritas.dynamictrees.models.bakedmodels.BakedModelBlockBranchCactus.getQuads(dynamictrees:cactusbranch[origin=down,trunk=true], up, 0)
[19:22:24] [JM-task-4/DEBUG] [ColorManager] Cached color #815b34 for biomesoplenty:blocks/sand_still
[19:22:24] [JM-task-4/DEBUG] [VanillaBlockSpriteProxy] Success during [Cutout] class net.minecraftforge.client.model.ModelLoader$VanillaModelWrapper$1.getQuads(exoticbirds:nest[eggcount=2,facing=east], null, 0)
[19:22:24] [JM-task-4/DEBUG] [VanillaBlockSpriteProxy] Success during [Cutout] class net.minecraftforge.client.model.ModelLoader$VanillaModelWrapper$1.getQuads(exoticbirds:nest[eggcount=0,facing=north], null, 0)
[19:22:24] [JM-task-4/DEBUG] [ColorManager] Cached color #838383 for minecraft:blocks/stone_andesite
[19:22:24] [Client thread/DEBUG] [TaskController] Scheduled MapPlayerTask
[19:22:24] [JM-task-4/DEBUG] [StatTimer] ImageHolder.partialImageUpdate warmup done, 5
[19:22:25] [JM-task-4/DEBUG] [ColorManager] Cached color #b3b3b6 for minecraft:blocks/stone_diorite
[19:22:25] [JM-task-4/DEBUG] [VanillaBlockSpriteProxy] Success during [Cutout] class net.minecraftforge.client.model.ModelLoader$VanillaModelWrapper$1.getQuads(exoticbirds:nest[eggcount=0,facing=east], null, 0)
[19:22:25] [JM-task-4/DEBUG] [VanillaBlockSpriteProxy] Success during [Cutout] class net.minecraftforge.client.model.ModelLoader$VanillaModelWrapper$1.getQuads(exoticbirds:nest[eggcount=1,facing=south], null, 0)
[19:22:29] [Client thread/DEBUG] [TaskController] Scheduled MapPlayerTask
[19:22:29] [JM-task-4/DEBUG] [StatTimer] MapPlayerTask.performTask warmup done, 5
[19:22:29] [JM-task-4/DEBUG] [VanillaBlockSpriteProxy] Success during [Solid] class com.ferreusveritas.dynamictrees.models.blockmodels.ModelBlockWrapped$1.getQuads(dynamictrees:oakbranch[radius=1], up, 0)
[19:22:29] [JM-task-4/DEBUG] [ColorManager] Cached color #675132 for minecraft:blocks/log_oak
[19:22:29] [JM-task-4/DEBUG] [VanillaBlockSpriteProxy] Success during [Mipped Cutout] class com.ferreusveritas.dynamictrees.models.bakedmodels.BakedModelBlockBranchCactus.getQuads(dynamictrees:cactusbranch[origin=south,trunk=false], up, 0)
[19:22:29] [JM-task-4/DEBUG] [VanillaBlockSpriteProxy] Success during [Cutout] class net.minecraftforge.client.model.ModelLoader$VanillaModelWrapper$1.getQuads(exoticbirds:nest[eggcount=2,facing=west], null, 0)
[19:22:29] [JM-task-4/DEBUG] [VanillaBlockSpriteProxy] Success during [Mipped Cutout] class net.minecraftforge.client.model.ModelLoader$VanillaModelWrapper$1.getQuads(dynamictrees:leaves0[decayable=true,hydro=1,tree=2], up, 0)
[19:22:29] [JM-task-4/DEBUG] [ColorManager] Cached color #646464 for minecraft:blocks/leaves_birch
[19:22:29] [JM-task-4/DEBUG] [VanillaBlockSpriteProxy] Success during [Cutout] class net.minecraftforge.client.model.ModelLoader$VanillaModelWrapper$1.getQuads(exoticbirds:nest[eggcount=3,facing=east], null, 0)
[19:22:29] [JM-task-4/DEBUG] [VanillaBlockSpriteProxy] Success during [Mipped Cutout] class com.ferreusveritas.dynamictrees.models.bakedmodels.BakedModelBlockBranchCactus.getQuads(dynamictrees:cactusbranch[origin=west,trunk=false], up, 0)
[19:22:29] [JM-task-4/DEBUG] [VanillaBlockSpriteProxy] Success during [Solid] class net.minecraftforge.client.model.ModelLoader$VanillaModelWrapper$1.getQuads(thermalfoundation:ore_fluid[type=crude_oil_sand], up, 0)
[19:22:29] [JM-task-4/DEBUG] [ColorManager] Cached color #c0b98e for thermalfoundation:blocks/ore/ore_fluid_crude_oil_sand
[19:22:29] [JM-task-4/DEBUG] [VanillaBlockSpriteProxy] Success during [Cutout] class net.minecraftforge.client.model.ModelLoader$VanillaModelWrapper$1.getQuads(exoticbirds:nest[eggcount=1,facing=east], null, 0)
[19:22:30] [Client thread/DEBUG] [StatTimer] Tick.MappingMonitorTask warmup done, 10
[19:22:32] [Client thread/DEBUG] [TaskController] Scheduled MapPlayerTask
[19:22:34] [Client thread/DEBUG] [TaskController] Scheduled MapPlayerTask
[19:22:36] [Client thread/DEBUG] [TaskController] Scheduled MapPlayerTask
[19:22:38] [Client thread/DEBUG] [TaskController] Scheduled MapPlayerTask
[19:22:40] [Client thread/DEBUG] [TaskController] Scheduled MapPlayerTask
[19:22:42] [Client thread/DEBUG] [TaskController] Scheduled MapPlayerTask
[19:22:44] [Client thread/DEBUG] [TaskController] Scheduled MapPlayerTask
[19:22:45] [Client thread/DEBUG] [StatTimer] MapPlayerTask.Manager.getTask warmup done, 10
[19:22:46] [Client thread/DEBUG] [TaskController] Scheduled MapPlayerTask
[19:22:49] [Client thread/DEBUG] [TaskController] Scheduled MapPlayerTask
[19:22:51] [Client thread/DEBUG] [TaskController] Scheduled MapPlayerTask
[19:22:53] [Client thread/DEBUG] [TaskController] Scheduled MapPlayerTask
[19:22:53] [JM-task-4/DEBUG] [ImageHolder] Wrote to disk: C:\Users\nyf\AppData\Roaming\.minecraft\journeymap\data\mp\~Minecraft\DIM0\day\-2,0.png
[19:22:53] [JM-task-4/DEBUG] [RegionImageCache$2] Wrote to disk before removal from cache: RegionImageSet{imageHolders=[0|day|_=ImageHolder{mapType=0|day|_, textureId=124, dirty=false, imagePath=C:\Users\nyf\AppData\Roaming\.minecraft\journeymap\data\mp\~Minecraft\DIM0\day\-2,0.png}]}
[19:22:53] [JM-task-4/DEBUG] [ImageHolder] Wrote to disk: C:\Users\nyf\AppData\Roaming\.minecraft\journeymap\data\mp\~Minecraft\DIM0\day\0,0.png
[19:22:53] [JM-task-4/DEBUG] [RegionImageCache$2] Wrote to disk before removal from cache: RegionImageSet{imageHolders=[0|day|_=ImageHolder{mapType=0|day|_, textureId=125, dirty=false, imagePath=C:\Users\nyf\AppData\Roaming\.minecraft\journeymap\data\mp\~Minecraft\DIM0\day\0,0.png}]}
[19:22:53] [JM-task-4/DEBUG] [ImageHolder] Wrote to disk: C:\Users\nyf\AppData\Roaming\.minecraft\journeymap\data\mp\~Minecraft\DIM0\day\-2,1.png
[19:22:53] [JM-task-4/DEBUG] [RegionImageCache$2] Wrote to disk before removal from cache: RegionImageSet{imageHolders=[0|day|_=ImageHolder{mapType=0|day|_, textureId=126, dirty=false, imagePath=C:\Users\nyf\AppData\Roaming\.minecraft\journeymap\data\mp\~Minecraft\DIM0\day\-2,1.png}]}
[19:22:56] [Client thread/DEBUG] [TaskController] Scheduled MapPlayerTask
[19:22:59] [Client thread/DEBUG] [TaskController] Scheduled MapPlayerTask
[19:23:00] [Client thread/DEBUG] [StatTimer] GridRenderer.updateTiles(1) warmup done, 5
[19:23:00] [Client thread/DEBUG] [StatTimer] GridRenderer.updateTiles(2) warmup done, 5
[19:23:00] [Client thread/DEBUG] [ImageHolder] Wrote to disk: C:\Users\nyf\AppData\Roaming\.minecraft\journeymap\data\mp\~Minecraft\DIM0\day\-2,-1.png
[19:23:00] [Client thread/DEBUG] [RegionImageCache$2] Wrote to disk before removal from cache: RegionImageSet{imageHolders=[0|day|_=ImageHolder{mapType=0|day|_, textureId=121, dirty=false, imagePath=C:\Users\nyf\AppData\Roaming\.minecraft\journeymap\data\mp\~Minecraft\DIM0\day\-2,-1.png}]}
[19:23:00] [Client thread/DEBUG] [ImageHolder] Wrote to disk: C:\Users\nyf\AppData\Roaming\.minecraft\journeymap\data\mp\~Minecraft\DIM0\day\-1,1.png
[19:23:00] [Client thread/DEBUG] [RegionImageCache$2] Wrote to disk before removal from cache: RegionImageSet{imageHolders=[0|day|_=ImageHolder{mapType=0|day|_, textureId=127, dirty=false, imagePath=C:\Users\nyf\AppData\Roaming\.minecraft\journeymap\data\mp\~Minecraft\DIM0\day\-1,1.png}]}
[19:23:00] [Client thread/DEBUG] [StatTimer] TileDrawStep.updateRegionTexture was slow: 94.3815
[19:23:00] [Client thread/DEBUG] [StatTimer] TileDrawStep.draw(low) warmup done, 10
[19:23:01] [Client thread/INFO] [ChatLog] JourneyMap: Нажмите [J].
[19:23:01] [Client thread/DEBUG] [KeyEventHandler] [KeyBindingAction{LBRACKET = Переключить тип карты}]
[19:23:01] [Client thread/DEBUG] [KeyEventHandler] [KeyBindingAction{BACKSLASH = Переключить режим мини-карты}]
[19:23:01] [Client thread/DEBUG] [KeyEventHandler] [KeyBindingAction{MINUS = Отдалить}]
[19:23:01] [Client thread/DEBUG] [KeyEventHandler] [KeyBindingAction{EQUALS = Приблизить}]
[19:23:01] [Client thread/DEBUG] [KeyEventHandler] [KeyBindingAction{CTRL + B = Менеджер меток}, KeyBindingAction{B = Создать метку}]
[19:23:01] [Client thread/DEBUG] [KeyEventHandler] [KeyBindingAction{CTRL + J = Show / Hide MiniMap}, KeyBindingAction{J = Показать/Спрятать полноэкранную карту}]
[19:23:01] [Client thread/DEBUG] [KeyEventHandler] [KeyBindingAction{LBRACKET = Переключить тип карты}]
[19:23:01] [Client thread/DEBUG] [KeyEventHandler] [KeyBindingAction{BACKSLASH = Переключить режим мини-карты}]
[19:23:01] [Client thread/DEBUG] [KeyEventHandler] [KeyBindingAction{MINUS = Отдалить}]
[19:23:01] [Client thread/DEBUG] [KeyEventHandler] [KeyBindingAction{Z = Toggle all Waypoints}]
[19:23:01] [Client thread/DEBUG] [KeyEventHandler] [KeyBindingAction{EQUALS = Приблизить}]
[19:23:01] [Client thread/DEBUG] [KeyEventHandler] [KeyBindingAction{CTRL + B = Менеджер меток}, KeyBindingAction{B = Создать метку на месте курсора}]
[19:23:01] [Client thread/DEBUG] [KeyEventHandler] [KeyBindingAction{DOWN = Сместить на юг (16 блоков)}]
[19:23:01] [Client thread/DEBUG] [KeyEventHandler] [KeyBindingAction{NONE = Вывести позицию курсора в чат}]
[19:23:01] [Client thread/DEBUG] [KeyEventHandler] [KeyBindingAction{J = Показать/Спрятать полноэкранную карту}]
[19:23:01] [Client thread/DEBUG] [KeyEventHandler] [KeyBindingAction{O = Менеджер настроек}]
[19:23:01] [Client thread/DEBUG] [KeyEventHandler] [KeyBindingAction{UP = Сместить на север (16 блоков)}]
[19:23:01] [Client thread/DEBUG] [KeyEventHandler] [KeyBindingAction{LBRACKET = Переключить тип карты}]
[19:23:01] [Client thread/DEBUG] [KeyEventHandler] [KeyBindingAction{LEFT = Сместить на запад (16 блоков)}]
[19:23:01] [Client thread/DEBUG] [KeyEventHandler] [KeyBindingAction{MINUS = Отдалить}]
[19:23:01] [Client thread/DEBUG] [KeyEventHandler] [KeyBindingAction{EQUALS = Приблизить}]
[19:23:01] [Client thread/DEBUG] [KeyEventHandler] [KeyBindingAction{RIGHT = Сместить на восток (16 блоков)}]
[19:23:02] [Client thread/DEBUG] [TaskController] Scheduled MapPlayerTask
[19:23:05] [Client thread/DEBUG] [TaskController] Scheduled MapPlayerTask
[19:23:07] [Client thread/DEBUG] [TaskController] Scheduled MapPlayerTask
[19:23:10] [Client thread/DEBUG] [TaskController] Scheduled MapPlayerTask
[19:23:12] [Client thread/DEBUG] [TaskController] Scheduled MapPlayerTask
[19:23:14] [Client thread/DEBUG] [TaskController] Scheduled MapPlayerTask
[19:23:16] [Client thread/DEBUG] [TaskController] Scheduled MapPlayerTask
[19:23:18] [Client thread/DEBUG] [TaskController] Scheduled MapPlayerTask
[19:23:20] [Client thread/DEBUG] [TaskController] Scheduled MapPlayerTask
[19:23:20] [JM-task-4/DEBUG] [RegionImageCache] RegionImageCache auto-flushing
[19:23:20] [File IO Thread/DEBUG] [ImageHolder] Wrote to disk: C:\Users\nyf\AppData\Roaming\.minecraft\journeymap\data\mp\~Minecraft\DIM0\night\-1,1.png
[19:23:20] [File IO Thread/DEBUG] [ImageHolder] Wrote to disk: C:\Users\nyf\AppData\Roaming\.minecraft\journeymap\data\mp\~Minecraft\DIM0\night\-2,-1.png
[19:23:20] [File IO Thread/DEBUG] [ImageHolder] Wrote to disk: C:\Users\nyf\AppData\Roaming\.minecraft\journeymap\data\mp\~Minecraft\DIM0\day\-1,0.png
[19:23:20] [File IO Thread/DEBUG] [ImageHolder] Wrote to disk: C:\Users\nyf\AppData\Roaming\.minecraft\journeymap\data\mp\~Minecraft\DIM0\topo\-1,0.png
[19:23:20] [File IO Thread/DEBUG] [ImageHolder] Wrote to disk: C:\Users\nyf\AppData\Roaming\.minecraft\journeymap\data\mp\~Minecraft\DIM0\night\-1,0.png
[19:23:21] [File IO Thread/DEBUG] [ImageHolder] Wrote to disk: C:\Users\nyf\AppData\Roaming\.minecraft\journeymap\data\mp\~Minecraft\DIM0\night\-2,0.png
[19:23:21] [File IO Thread/DEBUG] [ImageHolder] Wrote to disk: C:\Users\nyf\AppData\Roaming\.minecraft\journeymap\data\mp\~Minecraft\DIM0\night\-2,1.png
[19:23:21] [File IO Thread/DEBUG] [ImageHolder] Wrote to disk: C:\Users\nyf\AppData\Roaming\.minecraft\journeymap\data\mp\~Minecraft\DIM0\night\0,0.png
[19:23:22] [Client thread/DEBUG] [TaskController] Scheduled MapPlayerTask
[19:23:24] [Client thread/DEBUG] [TaskController] Scheduled MapPlayerTask
[19:23:26] [Client thread/DEBUG] [TaskController] Scheduled MapPlayerTask
[19:23:29] [Client thread/DEBUG] [TaskController] Scheduled MapPlayerTask
[19:23:33] [Client thread/DEBUG] [TaskController] Scheduled MapPlayerTask
[19:23:36] [Client thread/DEBUG] [TaskController] Scheduled MapPlayerTask
[19:23:38] [Client thread/DEBUG] [TaskController] Scheduled MapPlayerTask
[19:23:40] [Client thread/DEBUG] [TaskController] Scheduled MapPlayerTask
[19:23:42] [Client thread/DEBUG] [TaskController] Scheduled MapPlayerTask
[19:23:44] [Client thread/DEBUG] [TaskController] Scheduled MapPlayerTask
[19:23:46] [Client thread/DEBUG] [TaskController] Scheduled MapPlayerTask
[19:23:48] [Client thread/DEBUG] [TaskController] Scheduled MapPlayerTask
[19:23:50] [Client thread/DEBUG] [TaskController] Scheduled MapPlayerTask
[19:23:53] [Client thread/DEBUG] [TaskController] Scheduled MapPlayerTask
[19:23:55] [Client thread/DEBUG] [TaskController] Scheduled MapPlayerTask
[19:23:58] [Client thread/DEBUG] [TaskController] Scheduled MapPlayerTask
[19:24:01] [Client thread/DEBUG] [TaskController] Scheduled MapPlayerTask
[19:24:04] [Client thread/DEBUG] [TaskController] Scheduled MapPlayerTask
[19:24:07] [Client thread/DEBUG] [TaskController] Scheduled MapPlayerTask
[19:24:09] [Client thread/DEBUG] [TaskController] Scheduled MapPlayerTask
[19:24:11] [Client thread/DEBUG] [TaskController] Scheduled MapPlayerTask
[19:24:14] [Client thread/DEBUG] [TaskController] Scheduled MapPlayerTask
[19:24:16] [Client thread/DEBUG] [TaskController] Scheduled MapPlayerTask
[19:24:18] [Client thread/DEBUG] [TaskController] Scheduled MapPlayerTask
[19:24:20] [Client thread/DEBUG] [TaskController] Scheduled MapPlayerTask
[19:24:22] [Client thread/DEBUG] [TaskController] Scheduled MapPlayerTask
[19:24:22] [JM-task-4/DEBUG] [RegionImageCache] RegionImageCache auto-flushing
[19:24:22] [File IO Thread/DEBUG] [ImageHolder] Wrote to disk: C:\Users\nyf\AppData\Roaming\.minecraft\journeymap\data\mp\~Minecraft\DIM0\day\-1,0.png
[19:24:22] [File IO Thread/DEBUG] [ImageHolder] Wrote to disk: C:\Users\nyf\AppData\Roaming\.minecraft\journeymap\data\mp\~Minecraft\DIM0\night\-1,0.png
[19:24:24] [Client thread/DEBUG] [TaskController] Scheduled MapPlayerTask
[19:24:26] [Client thread/DEBUG] [TaskController] Scheduled MapPlayerTask
[19:24:29] [Client thread/DEBUG] [TaskController] Scheduled MapPlayerTask
[19:24:32] [Client thread/DEBUG] [TaskController] Scheduled MapPlayerTask
[19:24:36] [Client thread/DEBUG] [TaskController] Scheduled MapPlayerTask
[19:24:39] [Client thread/DEBUG] [TaskController] Scheduled MapPlayerTask
[19:24:41] [Client thread/DEBUG] [TaskController] Scheduled MapPlayerTask
[19:24:43] [Client thread/DEBUG] [TaskController] Scheduled MapPlayerTask
[19:24:45] [Client thread/DEBUG] [TaskController] Scheduled MapPlayerTask
[19:24:47] [Client thread/DEBUG] [TaskController] Scheduled MapPlayerTask
[19:24:49] [Client thread/DEBUG] [TaskController] Scheduled MapPlayerTask
[19:24:51] [Client thread/DEBUG] [TaskController] Scheduled MapPlayerTask
[19:24:53] [Client thread/DEBUG] [TaskController] Scheduled MapPlayerTask
[19:24:56] [Client thread/DEBUG] [TaskController] Scheduled MapPlayerTask
[19:24:58] [Client thread/DEBUG] [TaskController] Scheduled MapPlayerTask
[19:25:00] [Client thread/DEBUG] [TaskController] Scheduled MapPlayerTask
[19:25:03] [Client thread/DEBUG] [TaskController] Scheduled MapPlayerTask
[19:25:06] [Client thread/DEBUG] [TaskController] Scheduled MapPlayerTask
[19:25:09] [Client thread/DEBUG] [TaskController] Scheduled MapPlayerTask
[19:25:11] [Client thread/DEBUG] [TaskController] Scheduled MapPlayerTask
[19:25:13] [Client thread/DEBUG] [TaskController] Scheduled MapPlayerTask
[19:25:16] [Client thread/DEBUG] [TaskController] Scheduled MapPlayerTask
[19:25:18] [Client thread/DEBUG] [TaskController] Scheduled MapPlayerTask
[19:25:20] [Client thread/DEBUG] [TaskController] Scheduled MapPlayerTask
[19:25:22] [Client thread/DEBUG] [TaskController] Scheduled MapPlayerTask
[19:25:24] [Client thread/DEBUG] [TaskController] Scheduled MapPlayerTask
[19:25:24] [JM-task-4/DEBUG] [RegionImageCache] RegionImageCache auto-flushing
[19:25:24] [File IO Thread/DEBUG] [ImageHolder] Wrote to disk: C:\Users\nyf\AppData\Roaming\.minecraft\journeymap\data\mp\~Minecraft\DIM0\day\-1,0.png
[19:25:24] [File IO Thread/DEBUG] [ImageHolder] Wrote to disk: C:\Users\nyf\AppData\Roaming\.minecraft\journeymap\data\mp\~Minecraft\DIM0\topo\-1,0.png
[19:25:24] [File IO Thread/DEBUG] [ImageHolder] Wrote to disk: C:\Users\nyf\AppData\Roaming\.minecraft\journeymap\data\mp\~Minecraft\DIM0\night\-1,0.png
[19:25:26] [Client thread/DEBUG] [TaskController] Scheduled MapPlayerTask
[19:25:28] [Client thread/DEBUG] [TaskController] Scheduled MapPlayerTask
[19:25:31] [Client thread/DEBUG] [TaskController] Scheduled MapPlayerTask
[19:25:34] [Client thread/DEBUG] [TaskController] Scheduled MapPlayerTask
[19:25:38] [Client thread/DEBUG] [TaskController] Scheduled MapPlayerTask
[19:25:38] [JM-task-4/DEBUG] [VanillaBlockSpriteProxy] Success during [Mipped Cutout] class net.minecraftforge.client.model.ModelLoader$VanillaModelWrapper$1.getQuads(dynamictrees:leaves0[decayable=true,hydro=2,tree=0], up, 0)
[19:25:41] [Client thread/DEBUG] [TaskController] Scheduled MapPlayerTask
[19:25:43] [Client thread/DEBUG] [TaskController] Scheduled MapPlayerTask
[19:25:45] [Client thread/DEBUG] [TaskController] Scheduled MapPlayerTask
[19:25:47] [Client thread/DEBUG] [TaskController] Scheduled MapPlayerTask
[19:25:49] [Client thread/DEBUG] [TaskController] Scheduled MapPlayerTask
[19:25:51] [Client thread/DEBUG] [TaskController] Scheduled MapPlayerTask
[19:25:53] [Client thread/DEBUG] [TaskController] Scheduled MapPlayerTask
[19:25:55] [Client thread/DEBUG] [TaskController] Scheduled MapPlayerTask
[19:25:58] [Client thread/DEBUG] [TaskController] Scheduled MapPlayerTask
[19:26:00] [Client thread/DEBUG] [TaskController] Scheduled MapPlayerTask
[19:26:02] [Client thread/DEBUG] [TaskController] Scheduled MapPlayerTask
[19:26:06] [Client thread/DEBUG] [TaskController] Scheduled MapPlayerTask
[19:26:09] [Client thread/DEBUG] [TaskController] Scheduled MapPlayerTask
[19:26:12] [Client thread/DEBUG] [TaskController] Scheduled MapPlayerTask
[19:26:14] [Client thread/DEBUG] [TaskController] Scheduled MapPlayerTask
[19:26:15] [Client thread/DEBUG] [GridRenderer] Centered on Tile [ r-1, r0 (zoom 0) ] with pixel offsets of 674.527203608066,314.1803485476737
[19:26:15] [Client thread/DEBUG] [StatTimer] MiniMap1.Circle warmup done, 100
[19:26:16] [Client thread/DEBUG] [TaskController] Scheduled MapPlayerTask
[19:26:18] [Client thread/DEBUG] [TaskController] Scheduled MapPlayerTask
[19:26:20] [Client thread/DEBUG] [TaskController] Scheduled MapPlayerTask
[19:26:22] [Client thread/DEBUG] [TaskController] Scheduled MapPlayerTask
[19:26:25] [Client thread/DEBUG] [TaskController] Scheduled MapPlayerTask
[19:26:25] [JM-task-4/DEBUG] [RegionImageCache] RegionImageCache auto-flushing
[19:26:25] [File IO Thread/DEBUG] [ImageHolder] Wrote to disk: C:\Users\nyf\AppData\Roaming\.minecraft\journeymap\data\mp\~Minecraft\DIM0\night\-2,-1.png
[19:26:25] [File IO Thread/DEBUG] [ImageHolder] Wrote to disk: C:\Users\nyf\AppData\Roaming\.minecraft\journeymap\data\mp\~Minecraft\DIM0\day\-1,0.png
[19:26:25] [File IO Thread/DEBUG] [ImageHolder] Wrote to disk: C:\Users\nyf\AppData\Roaming\.minecraft\journeymap\data\mp\~Minecraft\DIM0\topo\-1,0.png
[19:26:25] [File IO Thread/DEBUG] [ImageHolder] Wrote to disk: C:\Users\nyf\AppData\Roaming\.minecraft\journeymap\data\mp\~Minecraft\DIM0\night\-1,0.png
[19:26:27] [Client thread/DEBUG] [TaskController] Scheduled MapPlayerTask
[19:26:29] [Client thread/DEBUG] [TaskController] Scheduled MapPlayerTask
[19:26:31] [Client thread/DEBUG] [TaskController] Scheduled MapPlayerTask
[19:26:34] [Client thread/DEBUG] [TaskController] Scheduled MapPlayerTask
[19:26:37] [Client thread/DEBUG] [TaskController] Scheduled MapPlayerTask
[19:26:40] [Client thread/DEBUG] [TaskController] Scheduled MapPlayerTask
[19:26:43] [Client thread/DEBUG] [TaskController] Scheduled MapPlayerTask
[19:26:46] [Client thread/DEBUG] [TaskController] Scheduled MapPlayerTask
[19:26:48] [Client thread/DEBUG] [TaskController] Scheduled MapPlayerTask
[19:26:50] [Client thread/DEBUG] [TaskController] Scheduled MapPlayerTask
[19:26:52] [Client thread/DEBUG] [TaskController] Scheduled MapPlayerTask
[19:26:54] [Client thread/DEBUG] [TaskController] Scheduled MapPlayerTask
[19:26:54] [JM-task-4/DEBUG] [ImageHolder] Wrote to disk: C:\Users\nyf\AppData\Roaming\.minecraft\journeymap\data\mp\~Minecraft\DIM0\night\-2,0.png
[19:26:54] [JM-task-4/DEBUG] [RegionImageCache$2] Wrote to disk before removal from cache: RegionImageSet{imageHolders=[0|night|_=ImageHolder{mapType=0|night|_, textureId=150, dirty=false, imagePath=C:\Users\nyf\AppData\Roaming\.minecraft\journeymap\data\mp\~Minecraft\DIM0\night\-2,0.png}]}
[19:26:54] [JM-task-4/DEBUG] [ImageHolder] Wrote to disk: C:\Users\nyf\AppData\Roaming\.minecraft\journeymap\data\mp\~Minecraft\DIM0\night\0,0.png
[19:26:54] [JM-task-4/DEBUG] [RegionImageCache$2] Wrote to disk before removal from cache: RegionImageSet{imageHolders=[0|night|_=ImageHolder{mapType=0|night|_, textureId=151, dirty=false, imagePath=C:\Users\nyf\AppData\Roaming\.minecraft\journeymap\data\mp\~Minecraft\DIM0\night\0,0.png}]}
[19:26:54] [JM-task-4/DEBUG] [ImageHolder] Wrote to disk: C:\Users\nyf\AppData\Roaming\.minecraft\journeymap\data\mp\~Minecraft\DIM0\night\-2,1.png
[19:26:54] [JM-task-4/DEBUG] [RegionImageCache$2] Wrote to disk before removal from cache: RegionImageSet{imageHolders=[0|night|_=ImageHolder{mapType=0|night|_, textureId=166, dirty=false, imagePath=C:\Users\nyf\AppData\Roaming\.minecraft\journeymap\data\mp\~Minecraft\DIM0\night\-2,1.png}]}
[19:26:57] [Client thread/DEBUG] [TaskController] Scheduled MapPlayerTask
[19:26:59] [Client thread/DEBUG] [TaskController] Scheduled MapPlayerTask
[19:27:01] [Client thread/DEBUG] [TaskController] Scheduled MapPlayerTask
[19:27:03] [Client thread/DEBUG] [TaskController] Scheduled MapPlayerTask
[19:27:05] [Client thread/DEBUG] [TaskController] Scheduled MapPlayerTask
[19:27:09] [Client thread/DEBUG] [TaskController] Scheduled MapPlayerTask
[19:27:12] [Client thread/DEBUG] [TaskController] Scheduled MapPlayerTask
[19:27:15] [Client thread/DEBUG] [TaskController] Scheduled MapPlayerTask
[19:27:17] [Client thread/DEBUG] [TaskController] Scheduled MapPlayerTask
[19:27:17] [JM-task-4/DEBUG] [ImageHolder] Wrote to disk: C:\Users\nyf\AppData\Roaming\.minecraft\journeymap\data\mp\~Minecraft\DIM0\night\-1,1.png
[19:27:17] [JM-task-4/DEBUG] [RegionImageCache$2] Wrote to disk before removal from cache: RegionImageSet{imageHolders=[0|night|_=ImageHolder{mapType=0|night|_, textureId=167, dirty=false, imagePath=C:\Users\nyf\AppData\Roaming\.minecraft\journeymap\data\mp\~Minecraft\DIM0\night\-1,1.png}]}
[19:27:19] [Client thread/DEBUG] [TaskController] Scheduled MapPlayerTask
[19:27:21] [Client thread/DEBUG] [TaskController] Scheduled MapPlayerTask
[19:27:23] [Client thread/DEBUG] [TaskController] Scheduled MapPlayerTask
[19:27:25] [Client thread/DEBUG] [TaskController] Scheduled MapPlayerTask
[19:27:25] [JM-task-4/DEBUG] [RegionImageCache] RegionImageCache auto-flushing
[19:27:26] [File IO Thread/DEBUG] [ImageHolder] Wrote to disk: C:\Users\nyf\AppData\Roaming\.minecraft\journeymap\data\mp\~Minecraft\DIM0\day\-1,0.png
[19:27:26] [File IO Thread/DEBUG] [ImageHolder] Wrote to disk: C:\Users\nyf\AppData\Roaming\.minecraft\journeymap\data\mp\~Minecraft\DIM0\topo\-1,0.png
[19:27:26] [File IO Thread/DEBUG] [ImageHolder] Wrote to disk: C:\Users\nyf\AppData\Roaming\.minecraft\journeymap\data\mp\~Minecraft\DIM0\night\-1,0.png
[19:27:28] [Client thread/DEBUG] [TaskController] Scheduled MapPlayerTask
[19:27:30] [Client thread/DEBUG] [TaskController] Scheduled MapPlayerTask
[19:27:32] [Client thread/DEBUG] [TaskController] Scheduled MapPlayerTask
[19:27:35] [Client thread/DEBUG] [TaskController] Scheduled MapPlayerTask
[19:27:37] [Client thread/DEBUG] [TaskController] Scheduled MapPlayerTask
[19:27:40] [Client thread/DEBUG] [TaskController] Scheduled MapPlayerTask
[19:27:43] [Client thread/DEBUG] [TaskController] Scheduled MapPlayerTask
[19:27:46] [Client thread/DEBUG] [TaskController] Scheduled MapPlayerTask
[19:27:49] [Client thread/DEBUG] [TaskController] Scheduled MapPlayerTask
[19:27:51] [Client thread/DEBUG] [TaskController] Scheduled MapPlayerTask
[19:27:53] [Client thread/DEBUG] [TaskController] Scheduled MapPlayerTask
[19:27:55] [Client thread/DEBUG] [TaskController] Scheduled MapPlayerTask
[19:27:57] [Client thread/DEBUG] [TaskController] Scheduled MapPlayerTask
[19:27:59] [Client thread/DEBUG] [TaskController] Scheduled MapPlayerTask
[19:28:01] [Client thread/DEBUG] [TaskController] Scheduled MapPlayerTask
[19:28:03] [Client thread/DEBUG] [TaskController] Scheduled MapPlayerTask
[19:28:06] [Client thread/DEBUG] [TaskController] Scheduled MapPlayerTask
[19:28:08] [Client thread/DEBUG] [TaskController] Scheduled MapPlayerTask
[19:28:12] [Client thread/DEBUG] [TaskController] Scheduled MapPlayerTask
[19:28:15] [Client thread/DEBUG] [TaskController] Scheduled MapPlayerTask
[19:28:18] [Client thread/DEBUG] [TaskController] Scheduled MapPlayerTask
[19:28:20] [Client thread/DEBUG] [TaskController] Scheduled MapPlayerTask
[19:28:22] [Client thread/DEBUG] [TaskController] Scheduled MapPlayerTask
[19:28:24] [Client thread/DEBUG] [TaskController] Scheduled MapPlayerTask
[19:28:26] [Client thread/DEBUG] [TaskController] Scheduled MapPlayerTask
[19:28:26] [JM-task-4/DEBUG] [RegionImageCache] RegionImageCache auto-flushing
[19:28:26] [File IO Thread/DEBUG] [ImageHolder] Wrote to disk: C:\Users\nyf\AppData\Roaming\.minecraft\journeymap\data\mp\~Minecraft\DIM0\day\-1,0.png
[19:28:27] [File IO Thread/DEBUG] [ImageHolder] Wrote to disk: C:\Users\nyf\AppData\Roaming\.minecraft\journeymap\data\mp\~Minecraft\DIM0\night\-1,0.png
[19:28:28] [Client thread/DEBUG] [TaskController] Scheduled MapPlayerTask
[19:28:31] [Client thread/DEBUG] [TaskController] Scheduled MapPlayerTask
[19:28:33] [Client thread/DEBUG] [TaskController] Scheduled MapPlayerTask
[19:28:35] [Client thread/DEBUG] [TaskController] Scheduled MapPlayerTask
[19:28:35] [Client thread/DEBUG] [StatTimer] MapState.refresh warmup done, 10
[19:28:37] [Client thread/DEBUG] [TaskController] Scheduled MapPlayerTask
[19:28:39] [Client thread/DEBUG] [TaskController] Scheduled MapPlayerTask
[19:28:39] [Client thread/DEBUG] [StatTimer] MiniMap1.Circle+refreshState warmup done, 5
[19:28:42] [Client thread/DEBUG] [TaskController] Scheduled MapPlayerTask
[19:28:42] [JM-task-4/DEBUG] [VanillaBlockSpriteProxy] Success during [Mipped Cutout] class net.minecraftforge.client.model.ModelLoader$VanillaModelWrapper$1.getQuads(dynamictrees:leaves0[decayable=true,hydro=3,tree=0], up, 0)
[19:28:45] [Client thread/DEBUG] [TaskController] Scheduled MapPlayerTask
[19:28:48] [Client thread/DEBUG] [TaskController] Scheduled MapPlayerTask
[19:28:50] [Client thread/DEBUG] [TaskController] Scheduled MapPlayerTask
[19:28:53] [Client thread/DEBUG] [TaskController] Scheduled MapPlayerTask
[19:28:55] [Client thread/DEBUG] [TaskController] Scheduled MapPlayerTask
[19:28:57] [Client thread/DEBUG] [TaskController] Scheduled MapPlayerTask
[19:28:59] [Client thread/DEBUG] [TaskController] Scheduled MapPlayerTask
[19:28:59] [Client thread/DEBUG] [StatTimer] MapState.generateDrawSteps warmup done, 10
[19:29:01] [Client thread/DEBUG] [TaskController] Scheduled MapPlayerTask
[19:29:03] [Client thread/DEBUG] [TaskController] Scheduled MapPlayerTask
[19:29:03] [Client thread/DEBUG] [StatTimer] EntityHelper.getPlayersNearby warmup done, 10
[19:29:05] [Client thread/DEBUG] [TaskController] Scheduled MapPlayerTask
[19:29:08] [Client thread/DEBUG] [TaskController] Scheduled MapPlayerTask
[19:29:08] [Client thread/DEBUG] [StatTimer] EntityHelper.getVillagersNearby warmup done, 10
[19:29:10] [Client thread/DEBUG] [TaskController] Scheduled MapPlayerTask
[19:29:14] [Client thread/DEBUG] [TaskController] Scheduled MapPlayerTask
[19:29:14] [Client thread/DEBUG] [StatTimer] EntityHelper.getAnimalsNearby warmup done, 10
[19:29:14] [Client thread/DEBUG] [StatTimer] EntityHelper.getMobsNearby warmup done, 10
[19:29:17] [Client thread/DEBUG] [TaskController] Scheduled MapPlayerTask
[19:29:20] [Client thread/DEBUG] [TaskController] Scheduled MapPlayerTask
[19:29:22] [Client thread/DEBUG] [TaskController] Scheduled MapPlayerTask
[19:29:24] [Client thread/DEBUG] [TaskController] Scheduled MapPlayerTask
[19:29:24] [JM-task-4/DEBUG] [VanillaBlockSpriteProxy] Success during [Solid] class net.minecraftforge.client.model.ModelLoader$VanillaModelWrapper$1.getQuads(galacticraftcore:basic_block_core[basictype=ore_copper_gc], up, 0)
[19:29:24] [JM-task-4/DEBUG] [ColorManager] Cached color #867a72 for galacticraftcore:blocks/ore_copper
[19:29:24] [JM-task-4/DEBUG] [VanillaBlockSpriteProxy] Success during [Mipped Cutout] class net.minecraftforge.client.model.ModelLoader$VanillaModelWrapper$1.getQuads(dynamictrees:leaves0[decayable=true,hydro=2,tree=2], up, 0)
[19:29:26] [Client thread/DEBUG] [TaskController] Scheduled MapPlayerTask
[19:29:28] [Client thread/DEBUG] [TaskController] Scheduled MapPlayerTask
[19:29:28] [JM-task-4/DEBUG] [RegionImageCache] RegionImageCache auto-flushing
[19:29:28] [File IO Thread/DEBUG] [ImageHolder] Wrote to disk: C:\Users\nyf\AppData\Roaming\.minecraft\journeymap\data\mp\~Minecraft\DIM0\night\-1,1.png
[19:29:28] [File IO Thread/DEBUG] [ImageHolder] Wrote to disk: C:\Users\nyf\AppData\Roaming\.minecraft\journeymap\data\mp\~Minecraft\DIM0\night\-2,-1.png
[19:29:29] [File IO Thread/DEBUG] [ImageHolder] Wrote to disk: C:\Users\nyf\AppData\Roaming\.minecraft\journeymap\data\mp\~Minecraft\DIM0\night\-2,0.png
[19:29:29] [File IO Thread/DEBUG] [ImageHolder] Wrote to disk: C:\Users\nyf\AppData\Roaming\.minecraft\journeymap\data\mp\~Minecraft\DIM0\night\-2,1.png
[19:29:29] [File IO Thread/DEBUG] [ImageHolder] Wrote to disk: C:\Users\nyf\AppData\Roaming\.minecraft\journeymap\data\mp\~Minecraft\DIM0\night\0,0.png
[19:29:30] [Client thread/DEBUG] [TaskController] Scheduled MapPlayerTask
[19:29:32] [Client thread/DEBUG] [TaskController] Scheduled MapPlayerTask
[19:29:35] [Client thread/DEBUG] [TaskController] Scheduled MapPlayerTask
[19:29:37] [Client thread/DEBUG] [TaskController] Scheduled MapPlayerTask
[19:29:40] [Client thread/DEBUG] [TaskController] Scheduled MapPlayerTask
[19:29:42] [Client thread/DEBUG] [TaskController] Scheduled MapPlayerTask
[19:29:45] [Client thread/DEBUG] [TaskController] Scheduled MapPlayerTask
[19:29:48] [Client thread/DEBUG] [TaskController] Scheduled MapPlayerTask
[19:29:51] [Client thread/DEBUG] [TaskController] Scheduled MapPlayerTask
[19:29:53] [Client thread/DEBUG] [TaskController] Scheduled MapPlayerTask
[19:29:56] [Client thread/DEBUG] [TaskController] Scheduled MapPlayerTask
[19:29:58] [Client thread/DEBUG] [TaskController] Scheduled MapPlayerTask
[19:30:00] [Client thread/DEBUG] [TaskController] Scheduled MapPlayerTask
[19:30:02] [Client thread/DEBUG] [TaskController] Scheduled MapPlayerTask
[19:30:04] [Client thread/DEBUG] [TaskController] Scheduled MapPlayerTask
[19:30:05] [Client thread/INFO] [StateTickHandler] nyf-nyf died at BlockPos{x=-224, y=68, z=219}. Deathpoints enabled: true. Deathpoint created: true
[19:30:05] [Netty Client IO #1/DEBUG] [JourneymapClient] Connection initiated with Journeymap Server: true
[19:30:05] [Netty Client IO #1/DEBUG] [JourneymapClient] Teleport Enabled:false
[19:30:05] [Netty Client IO #1/DEBUG] [JourneymapClient] Expanded Radar Enabled:true
[19:30:06] [Client thread/DEBUG] [TaskController] Scheduled MapPlayerTask
[19:30:09] [Client thread/DEBUG] [TaskController] Scheduled MapPlayerTask
[19:30:12] [Client thread/DEBUG] [TaskController] Scheduled MapPlayerTask
[19:30:16] [Client thread/DEBUG] [TaskController] Scheduled MapPlayerTask
[19:30:19] [Client thread/DEBUG] [TaskController] Scheduled MapPlayerTask
[19:30:20] [Client thread/INFO] [StateTickHandler] nyf-nyf died at BlockPos{x=-217, y=36, z=219}. Deathpoints enabled: true. Deathpoint created: true
[19:30:21] [Client thread/DEBUG] [TaskController] Scheduled MapPlayerTask
[19:30:21] [Netty Client IO #1/DEBUG] [JourneymapClient] Connection initiated with Journeymap Server: true
[19:30:21] [Netty Client IO #1/DEBUG] [JourneymapClient] Teleport Enabled:false
[19:30:21] [Netty Client IO #1/DEBUG] [JourneymapClient] Expanded Radar Enabled:true
[19:30:24] [Client thread/DEBUG] [TaskController] Scheduled MapPlayerTask
[19:30:27] [Client thread/DEBUG] [TaskController] Scheduled MapPlayerTask
[19:30:30] [Client thread/DEBUG] [TaskController] Scheduled MapPlayerTask
[19:30:30] [JM-task-4/DEBUG] [RegionImageCache] RegionImageCache auto-flushing
[19:30:30] [File IO Thread/DEBUG] [ImageHolder] Wrote to disk: C:\Users\nyf\AppData\Roaming\.minecraft\journeymap\data\mp\~Minecraft\DIM0\topo\-1,0.png
[19:30:33] [Client thread/DEBUG] [TaskController] Scheduled MapPlayerTask
[19:30:36] [Client thread/DEBUG] [TaskController] Scheduled MapPlayerTask
[19:30:38] [Client thread/DEBUG] [TaskController] Scheduled MapPlayerTask
[19:30:40] [Client thread/DEBUG] [TaskController] Scheduled MapPlayerTask
[19:30:42] [Client thread/DEBUG] [TaskController] Scheduled MapPlayerTask
[19:30:44] [Client thread/DEBUG] [TaskController] Scheduled MapPlayerTask
[19:30:44] [JM-task-4/DEBUG] [StatTimer] CaveRenderer.render warmup done, 10
[19:30:46] [Client thread/DEBUG] [TaskController] Scheduled MapPlayerTask
[19:30:46] [JM-task-4/DEBUG] [ColorManager] Cached color #d96819 for minecraft:blocks/lava_still
[19:30:46] [JM-task-4/DEBUG] [VanillaBlockSpriteProxy] Success during [Solid] class net.minecraftforge.client.model.ModelLoader$VanillaModelWrapper$1.getQuads(galacticraftcore:basic_block_core[basictype=ore_aluminum_gc], up, 0)
[19:30:46] [JM-task-4/DEBUG] [ColorManager] Cached color #848689 for galacticraftcore:blocks/ore_aluminum
[19:30:46] [JM-task-4/DEBUG] [VanillaBlockSpriteProxy] Success during [Solid] class net.minecraftforge.client.model.ModelLoader$VanillaModelWrapper$1.getQuads(ic2:resource[type=tin_ore], up, 0)
[19:30:46] [JM-task-4/DEBUG] [ColorManager] Cached color #878787 for ic2:blocks/resource/tin_ore
[19:30:46] [JM-task-4/DEBUG] [VanillaBlockSpriteProxy] Success during [Cutout] class net.minecraftforge.client.model.ModelLoader$VanillaModelWrapper$1.getQuads(appliedenergistics2:quartz_ore, up, 0)
[19:30:46] [JM-task-4/DEBUG] [ColorManager] Cached color #85888c for appliedenergistics2:blocks/quartz_ore
[19:30:46] [JM-task-4/DEBUG] [VanillaBlockSpriteProxy] Success during [Solid] class net.minecraftforge.client.model.ModelLoader$VanillaModelWrapper$1.getQuads(thermalfoundation:ore[type=lead], up, 0)
[19:30:46] [JM-task-4/DEBUG] [ColorManager] Cached color #7c7e86 for thermalfoundation:blocks/ore/ore_lead
[19:30:46] [JM-task-4/DEBUG] [ColorManager] Cached color #88827e for minecraft:blocks/iron_ore
[19:30:49] [Client thread/DEBUG] [TaskController] Scheduled MapPlayerTask
[19:30:51] [Client thread/DEBUG] [TaskController] Scheduled MapPlayerTask
[19:30:51] [JM-task-4/DEBUG] [VanillaBlockSpriteProxy] Success during [Solid] class net.minecraftforge.client.model.ModelLoader$VanillaModelWrapper$1.getQuads(thermalfoundation:ore[type=tin], up, 0)
[19:30:51] [JM-task-4/DEBUG] [ColorManager] Cached color #83888b for thermalfoundation:blocks/ore/ore_tin
[19:30:53] [Client thread/DEBUG] [TaskController] Scheduled MapPlayerTask
[19:30:55] [Client thread/DEBUG] [TaskController] Scheduled MapPlayerTask
[19:30:58] [Client thread/DEBUG] [TaskController] Scheduled MapPlayerTask
[19:31:00] [Client thread/DEBUG] [TaskController] Scheduled MapPlayerTask
[19:31:02] [Client thread/DEBUG] [TaskController] Scheduled MapPlayerTask
[19:31:04] [Client thread/DEBUG] [TaskController] Scheduled MapPlayerTask
[19:31:05] [Client thread/DEBUG] [KeyEventHandler] Firing KeyBindingAction{J = Показать/Спрятать полноэкранную карту}
[19:31:05] [Client thread/DEBUG] [UIManager] Opening UI Fullscreen
[19:31:05] [Client thread/DEBUG] [UIManager] Closing class journeymap.client.ui.fullscreen.Fullscreen
[19:31:05] [Client thread/DEBUG] [UIManager] Opening UI AboutDialog
[19:31:05] [Client thread/DEBUG] [GridRenderer] Centered on Tile [ r-1, r0 (zoom 0) ] with pixel offsets of 0.0,0.0
[19:31:06] [Client thread/DEBUG] [TaskController] Scheduled MapPlayerTask
[19:31:07] [Client thread/DEBUG] [UIManager] Closing class journeymap.client.ui.dialog.AboutDialog
[19:31:07] [Client thread/DEBUG] [UIManager] Opening UI OptionsManager
[19:31:08] [Client thread/DEBUG] [TaskController] Scheduled MapPlayerTask
[19:31:10] [Client thread/DEBUG] [TaskController] Scheduled MapPlayerTask
[19:31:12] [Client thread/DEBUG] [TaskController] Scheduled MapPlayerTask
[19:31:14] [Client thread/DEBUG] [TaskController] Scheduled MapPlayerTask
[19:31:16] [Client thread/DEBUG] [TaskController] Scheduled MapPlayerTask
[19:31:17] [Client thread/DEBUG] [GridRenderer] Centered on Tile [ r-1, r0 (zoom 0) ] with pixel offsets of 685.735709236229,282.0868791962795
[19:31:17] [Client thread/DEBUG] [GridRenderer] Centered on Tile [ r-1, r0 (zoom 0) ] with pixel offsets of 685.735709236229,282.0868791962795
[19:31:17] [Client thread/INFO] [WaypointStore] Loaded 4 waypoints from C:\Users\nyf\AppData\Roaming\.minecraft\journeymap\data\mp\~Minecraft\waypoints
[19:31:17] [Client thread/DEBUG] [GridRenderer] Centered on Tile [ r-1, r0 (zoom 0) ] with pixel offsets of 685.735709236229,282.0868791962795
[19:31:17] [Client thread/DEBUG] [GridRenderer] Centered on Tile [ r-1, r0 (zoom 0) ] with pixel offsets of 685.735709236229,282.0868791962795
[19:31:17] [Client thread/DEBUG] [GridRenderer] Centered on Tile [ r-1, r0 (zoom 0) ] with pixel offsets of 685.735709236229,282.0868791962795
[19:31:17] [Client thread/DEBUG] [UIManager] Closing class journeymap.client.ui.dialog.OptionsManager
[19:31:17] [Client thread/DEBUG] [UIManager] Opening UI AboutDialog
[19:31:18] [Client thread/DEBUG] [UIManager] Closing class journeymap.client.ui.dialog.AboutDialog
[19:31:18] [Client thread/DEBUG] [UIManager] Opening UI Fullscreen
[19:31:18] [Client thread/DEBUG] [StatTimer] Fullscreen.drawScreen warmup done, 10
[19:31:19] [Client thread/DEBUG] [TaskController] Scheduled MapPlayerTask
[19:31:19] [Client thread/DEBUG] [UIManager] Closing class journeymap.client.ui.fullscreen.Fullscreen
[19:31:21] [Client thread/DEBUG] [TaskController] Scheduled MapPlayerTask
[19:31:23] [Client thread/DEBUG] [TaskController] Scheduled MapPlayerTask
[19:31:25] [Client thread/DEBUG] [TaskController] Scheduled MapPlayerTask
[19:31:27] [Client thread/DEBUG] [TaskController] Scheduled MapPlayerTask
[19:31:29] [Client thread/DEBUG] [TaskController] Scheduled MapPlayerTask
[19:31:31] [Client thread/DEBUG] [TaskController] Scheduled MapPlayerTask
[19:31:31] [JM-task-4/DEBUG] [RegionImageCache] RegionImageCache auto-flushing
[19:31:31] [File IO Thread/DEBUG] [ImageHolder] Wrote to disk: C:\Users\nyf\AppData\Roaming\.minecraft\journeymap\data\mp\~Minecraft\DIM0\day\-1,0.png
[19:31:31] [File IO Thread/DEBUG] [ImageHolder] Wrote to disk: C:\Users\nyf\AppData\Roaming\.minecraft\journeymap\data\mp\~Minecraft\DIM0\night\-1,0.png
[19:31:33] [Client thread/DEBUG] [TaskController] Scheduled MapPlayerTask
[19:31:35] [Client thread/DEBUG] [TaskController] Scheduled MapPlayerTask
[19:31:37] [Client thread/DEBUG] [TaskController] Scheduled MapPlayerTask
[19:31:40] [Client thread/DEBUG] [TaskController] Scheduled MapPlayerTask
[19:31:42] [Client thread/DEBUG] [TaskController] Scheduled MapPlayerTask
[19:31:44] [Client thread/DEBUG] [TaskController] Scheduled MapPlayerTask
[19:31:46] [Client thread/DEBUG] [TaskController] Scheduled MapPlayerTask
[19:31:48] [Client thread/DEBUG] [TaskController] Scheduled MapPlayerTask
[19:31:50] [Client thread/DEBUG] [TaskController] Scheduled MapPlayerTask
[19:31:52] [Client thread/DEBUG] [TaskController] Scheduled MapPlayerTask
[19:31:54] [Client thread/DEBUG] [TaskController] Scheduled MapPlayerTask
[19:31:56] [Client thread/DEBUG] [TaskController] Scheduled MapPlayerTask
[19:31:58] [Client thread/DEBUG] [TaskController] Scheduled MapPlayerTask
[19:32:02] [Client thread/DEBUG] [TaskController] Scheduled MapPlayerTask
[19:32:02] [Client thread/INFO] [JourneymapClient] Mapping halted in C:\Users\nyf\AppData\Roaming\.minecraft\journeymap\data\mp\~Minecraft\DIM0
[19:32:02] [File IO Thread/DEBUG] [ImageHolder] Wrote to disk: C:\Users\nyf\AppData\Roaming\.minecraft\journeymap\data\mp\~Minecraft\DIM0\day\-1,1.png
[19:32:02] [Client thread/WARN] [FileHandler] Couldn't copy color palette html: java.lang.NullPointerException
[19:32:02] [Client thread/ERROR] [ColorPalette] Can't write colorpalette.html: java.lang.NullPointerException
[19:32:02] [Client thread/WARN] [ColorPalette] Existing color palette's mods no longer match current loadout.
[19:32:02] [Client thread/INFO] [ColorPalette] WAS: Advanced Solar Panels:4.3.0, Applied Energistics 2:rv6-stable-7, Biomes O' Plenty:7.0.1.2441, BuildCraft Builders:7.99.24.6, BuildCraft Compat:7.99.24.6, BuildCraft Energy:7.99.24.6, BuildCraft Factory:7.99.24.6, BuildCraft Lib:7.99.24.6, BuildCraft Robotics:7.99.24.6, BuildCraft Silicon:7.99.24.6, BuildCraft Transport:7.99.24.6, BuildCraft:7.99.24.6, CoFH Core:4.6.6, CoFH World:1.4.0, CodeChicken Lib:3.2.3.358, Dynamic Trees BOP:1.12.2-1.4.1e, Dynamic Trees for Industrial Craft 2:1.12.2-1.0.2, Dynamic Trees:1.12.2-0.9.8, Energy Control:1.12.2-0.1.6, Energy Converters:1.3.7.30, Exotic Birds:1.0, Falling Tree:2.1.0, Forge Mod Loader:8.0.99.99, IndustrialCraft 2:2.8.220-ex112, Inventory Tweaks:1.63+release.109.220f184, Iron Chest:1.12.2-7.0.67.844, JourneyMap:1.12.2-5.7.1, Just Enough Items:4.15.0.296, Just Enough Resources:0.9.2.60, Logistics Pipes:0.10.3.50, MineColonies:1.12.2-0.11.804-RELEASE, Minecraft Coder Pack:9.42, Minecraft Forge:14.23.5.2854, Minecraft:1.12.2, Mouse Tweaks:2.10, Redstone Flux:2.1.1, Set Home & Waypoints:1.3, Shadowfacts' Forgelin:1.8.4, Structurize:1.12.2-0.10.277-RELEASE, Thermal Expansion:5.5.7, Thermal Foundation:2.6.7, UniDict:1.12.2-2.9.6, Waila:1.8.26, WanionLib:1.12.2-2.4, §3Dynamic Surroundings:3.6.1.0, §3OreLib Support Library:3.6.0.1
NOW: Advanced Solar Panels:4.3.0, Applied Energistics 2:rv6-stable-7, Biomes O' Plenty:7.0.1.2441, BuildCraft Builders:7.99.24.6, BuildCraft Compat:7.99.24.6, BuildCraft Energy:7.99.24.6, BuildCraft Factory:7.99.24.6, BuildCraft Lib:7.99.24.6, BuildCraft Robotics:7.99.24.6, BuildCraft Silicon:7.99.24.6, BuildCraft Transport:7.99.24.6, BuildCraft:7.99.24.6, CoFH Core:4.6.6, CoFH World:1.4.0, CodeChicken Lib:3.2.3.358, Dynamic Trees BOP:1.12.2-1.4.1e, Dynamic Trees for Industrial Craft 2:1.12.2-1.0.2, Dynamic Trees:1.12.2-0.9.8, Energy Control:1.12.2-0.1.6, Energy Converters:1.3.7.30, Exotic Birds:1.0, Extra Planets:1.12.2-0.6.5, Falling Tree:2.1.0, Forge Mod Loader:8.0.99.99, Galacticraft Core:4.0.2.280, Galacticraft Planets:4.0.2.280, IndustrialCraft 2:2.8.220-ex112, Inventory Tweaks:1.63+release.109.220f184, Iron Chest:1.12.2-7.0.67.844, JourneyMap:1.12.2-5.7.1, Just Enough Items:4.15.0.296, Just Enough Resources:0.9.2.60, Logistics Pipes:0.10.3.50, MJRLegendsLib:1.12.2-1.1.9, Micdoodle8 Core:, MineColonies:1.12.2-0.11.804-RELEASE, Minecraft Coder Pack:9.42, Minecraft Forge:14.23.5.2854, Minecraft:1.12.2, Mouse Tweaks:2.10, Redstone Flux:2.1.1, Set Home & Waypoints:1.3, Shadowfacts' Forgelin:1.8.4, Structurize:1.12.2-0.10.277-RELEASE, Thermal Expansion:5.5.7, Thermal Foundation:2.6.7, UniDict:1.12.2-2.9.6, Waila:1.8.26, WanionLib:1.12.2-2.4, §3Dynamic Surroundings:3.6.1.0, §3OreLib Support Library:3.6.0.1
[19:32:02] [Client thread/DEBUG] [TaskController] Task disabled: MapPlayerTask
[19:32:02] [Client thread/DEBUG] [TaskController] Task disabled: InitColorManagerTask
[19:32:02] [File IO Thread/DEBUG] [ImageHolder] Wrote to disk: C:\Users\nyf\AppData\Roaming\.minecraft\journeymap\data\mp\~Minecraft\DIM0\day\-2,-1.png
[19:32:02] [File IO Thread/DEBUG] [ImageHolder] Wrote to disk: C:\Users\nyf\AppData\Roaming\.minecraft\journeymap\data\mp\~Minecraft\DIM0\day\-1,0.png
[19:32:02] [File IO Thread/DEBUG] [ImageHolder] Wrote to disk: C:\Users\nyf\AppData\Roaming\.minecraft\journeymap\data\mp\~Minecraft\DIM0\topo\-1,0.png
[19:32:03] [File IO Thread/DEBUG] [ImageHolder] Wrote to disk: C:\Users\nyf\AppData\Roaming\.minecraft\journeymap\data\mp\~Minecraft\DIM0\night\-1,0.png
[19:32:03] [File IO Thread/DEBUG] [ImageHolder] Wrote to disk: C:\Users\nyf\AppData\Roaming\.minecraft\journeymap\data\mp\~Minecraft\DIM0\2\-1,0.png
[19:32:03] [File IO Thread/DEBUG] [ImageHolder] Wrote to disk: C:\Users\nyf\AppData\Roaming\.minecraft\journeymap\data\mp\~Minecraft\DIM0\day\-2,0.png
[19:32:03] [File IO Thread/DEBUG] [ImageHolder] Wrote to disk: C:\Users\nyf\AppData\Roaming\.minecraft\journeymap\data\mp\~Minecraft\DIM0\day\-2,1.png
[19:32:03] [File IO Thread/DEBUG] [ImageHolder] Wrote to disk: C:\Users\nyf\AppData\Roaming\.minecraft\journeymap\data\mp\~Minecraft\DIM0\day\0,0.png
