[Loading] INITIALIZING
Starting TLauncher 2.72 RELEASE
For more information, visit https://tlauncher.org/
Startup time: 20.07.2020 23:13:05
---
run double running protection
[Loading] LOADING_CONFIGURATION
Machine info: -------------------------------------------------------
Windows 8.1 6.3, Java 1.8.0_51, jvm bit x64, 12279 MB RAM
java path=C:\Users\nyf\AppData\Roaming\.tlauncher\jvms\jre1.8.0_51\bin\javaw.exe
Intel(R) Core(TM) i7 CPU         960  @ 3.20GHz
 NVIDIA GeForce GTX 1070, GeForce GTX 1070, 14227 MB
-------------------------------------------------------
Selected locale: ru_RU
[Loading] LOADING_CONSOLE
[Downloader2] Loaded configuration: good
[Updater] Requesting an update...
[Updater] Requesting from: http://repo.tlauncher.org/update/lch/update_2.0.json
[Updater] Making request: http://repo.tlauncher.org/update/lch/update_2.0.json?version=2.72&client=8ea18de1-76dd-4c36-b838-70f23207372e
[Updater] Request time: 47 ms
[Updater] Successfully requested from: http://repo.tlauncher.org/update/lch/update_2.0.json
[Browser] Loading resources...
[Browser] Loading background...
[JFXStartPageLoader]  start load page: http://page.tlauncher.org/update/downloads/configs/client/index.html
[Browser] Cleaning up after loading:
Starting garbage collector: 44 / 150 MB
Garbage collector completed: 16 / 180 MB
[Browser] Running in JavaFX Thread
[Browser] Preparing JavaFX...
[Loading] LOADING_MANAGERS
[LocalVersionList] Base directory: C:\Users\nyf\AppData\Roaming\.minecraft
[Browser] Initializing...
[ProfileManager] Refreshing profiles from: C:\Users\nyf\AppData\Roaming\.minecraft\TlauncherProfiles.json
[AdvertisingStatusObserver]  started to get ad information
[AdvertisingStatusObserver]  finished to get add information
[GsonUtil]  request to http://repo.tlauncher.org/update/downloads/libraries/org/tlauncher/authlib/libraries-1.6.json
[Loading] LOADING_WINDOW
[Swing] Favicons loaded: 256px, 128px, 96px, 64px, 48px, 32px, 24px, 16px
[Loading] PREPARING_MAINPANE
[REPO][SERVER_LIST_REPO] Success: Reached the repo in 180 ms.
[JFXStartPageLoader]  succeeded load page: http://page.tlauncher.org/update/downloads/configs/client/index.html during 0
[Browser@700247618] Loaded successfully: "http://page.tlauncher.org/update/downloads/configs/client/index.html"
[Browser] add listens into server_choose
[Browser] finished listens into server_choose
[Downloader2] Loaded configuration: good
[Loading] POSTINIT_GUI
[Frame] Packing main frame...
[Frame] Resizing main pane...
Updater is already closed. Showing up...
Visibility set.
[Loading] REFRESHING_INFO
Started! (3626 ms.)
[Loading] SUCCESS
[REPO][EXTRA_VERSION_REPO] Attempt #1; timeout: 45000 ms; url: http://repo.tlauncher.org/update/downloads/versions/new3/
[VersionManager] Refreshing versions remotely...
[REPO][EXTRA_VERSION_REPO] Success: Reached the repo in 34 ms.
[TLauncher] show tlauncher!!!
[Double running] clear time label
[REPO][OFFICIAL_VERSION_REPO] Attempt #1; timeout: 45000 ms; url: https://launchermeta.mojang.com/mc/game/
[REPO][EXTRA_VERSION_REPO] Attempt #1; timeout: 45000 ms; url: http://repo.tlauncher.org/update/downloads/versions/new3/
[REPO][SKIN_VERSION_REPO] Attempt #1; timeout: 45000 ms; url: http://repo.tlauncher.org/update/downloads/versions/new3/skin/versions/
[REPO][SKIN_VERSION_REPO] Success: Reached the repo in 12 ms.
[REPO][EXTRA_VERSION_REPO] Success: Reached the repo in 24 ms.
[SkinVersionList] Got in 32 ms
[ExtraVersionList] Got in 64 ms
[REPO][OFFICIAL_VERSION_REPO] Success: Reached the repo in 221 ms.
[OfficialVersionList] Got in 334 ms
[VersionManager] Versions has been refreshed (359 ms)
[REPO][ADD_HOT_SERVERS_REPO] Attempt #1; timeout: 45000 ms; url: http://repo.tlauncher.org/update/lch/additional_hot_servers-1.0.json
[REPO][HOT_SERVERS_REPO] Attempt #1; timeout: 45000 ms; url: http://repo.tlauncher.org/update/lch/servers/hot_servers-1.0.json
[REPO][ADD_HOT_SERVERS_REPO] Success: Reached the repo in 13 ms.
[REPO][HOT_SERVERS_REPO] Success: Reached the repo in 28 ms.
Good bye!
flush now
